Logfile initialized
[INFO] logfile = /Users/kwhinnery/dev/appc/Titans/App/Titans/build.log
[DEBUG] /Users/kwhinnery/Library/Application Support/Titanium/mobilesdk/osx/1.9.0.v20120210211634/android/builder.py simulator Titans /Users/kwhinnery/dev/android/sdk /Users/kwhinnery/dev/appc/Titans/App/Titans com.appcelerator.titans 9 WVGA854 
[INFO] Building Titans for Android ... one moment
[INFO] Titanium SDK version: 1.9.0 (02/10/12 21:16 ddb97bf)
[DEBUG] Waiting for device to be ready ...
[TRACE] adb devices returned 1 devices/emulators
[DEBUG] Device connected... (waited 0 seconds)
[DEBUG] waited 0.059975 seconds on emulator to get ready
[DEBUG] com.appcelerator.titans installed? True
[INFO] Fastdev server running, deploying in Fastdev mode
[INFO] Copying project resources..
[TRACE] COPYING MODIFIED FILE: /Users/kwhinnery/dev/appc/Titans/App/Titans/Resources/android/ui/TabStripView.js => /Users/kwhinnery/dev/appc/Titans/App/Titans/build/android/bin/assets/Resources/ui/TabStripView.js
[INFO] Tiapp.xml unchanged, skipping class generation
[DEBUG] Processing Android resource drawables
[DEBUG] found drawable-hdpi splash screen at /Users/kwhinnery/dev/appc/Titans/App/Titans/Resources/android/images/res-hdpi/default.png
[DEBUG] found drawable-mdpi splash screen at /Users/kwhinnery/dev/appc/Titans/App/Titans/Resources/android/images/res-mdpi/default.png
[INFO] Waiting for SDCard to become available..
[INFO] Re-launching application ... Titans
[INFO] Launching application ... Titans
[TRACE] Launch output: Starting: Intent { act=android.intent.action.MAIN cat=[android.intent.category.LAUNCHER] cmp=com.appcelerator.titans/.TitansActivity }
Warning: Activity not started, its current task has been brought to the front

